<?xml version="1.0" encoding="UTF-8"?>
<!-- Generated by org.testng.reporters.JUnitXMLReporter -->
<testsuite ignored="0" hostname="LAPTOP-EB0VNPNS" failures="0" tests="4" name="a-t1" time="0.244" errors="0" timestamp="19 Jul 2021 07:05:14 GMT">
  <testcase classname="TestSudokuValidator" name="test1" time="0.198"/>
  <testcase classname="TestSudokuValidator" name="test2" time="0.005"/>
  <testcase classname="TestSudokuValidator" name="test3" time="0.007"/>
  <testcase classname="TestSudokuValidator" name="test4" time="0.003"/>
</testsuite> <!-- a-t1 -->
